C:/msys32/mingw32/bin/../lib/gcc/i686-w64-mingw32/6.3.0/../../../../i686-w64-mingw32/bin/ld.exe: cannot find -lvcos
C:/msys32/mingw32/bin/../lib/gcc/i686-w64-mingw32/6.3.0/../../../../i686-w64-mingw32/bin/ld.exe: cannot find -lvchiq_arm
C:/msys32/mingw32/bin/../lib/gcc/i686-w64-mingw32/6.3.0/../../../../i686-w64-mingw32/bin/ld.exe: cannot find -lbcm_host
collect2.exe: error: ld returned 1 exit status
C:/msys32/mingw32/bin/../lib/gcc/i686-w64-mingw32/6.3.0/../../../../i686-w64-mingw32/bin/ld.exe: cannot find -lEGL
collect2.exe: error: ld returned 1 exit status
C:/msys32/mingw32/bin/../lib/gcc/i686-w64-mingw32/6.3.0/../../../../i686-w64-mingw32/bin/ld.exe: cannot find -lc
collect2.exe: error: ld returned 1 exit status
C:/msys32/mingw32/bin/../lib/gcc/i686-w64-mingw32/6.3.0/../../../../i686-w64-mingw32/bin/ld.exe: cannot find -lc
collect2.exe: error: ld returned 1 exit status
.tmp.c:1:27: fatal error: sys/soundcard.h: No such file or directory
 #include <sys/soundcard.h>
                           ^
compilation terminated.
.tmp.c:1:23: fatal error: soundcard.h: No such file or directory
 #include <soundcard.h>
                       ^
compilation terminated.
C:/msys32/mingw32/bin/../lib/gcc/i686-w64-mingw32/6.3.0/../../../../i686-w64-mingw32/bin/ld.exe: cannot find -lossaudio
collect2.exe: error: ld returned 1 exit status
C:/msys32/mingw32/bin/../lib/gcc/i686-w64-mingw32/6.3.0/../../../../i686-w64-mingw32/bin/ld.exe: cannot find -ludev
collect2.exe: error: ld returned 1 exit status
.tmp.c:1:27: fatal error: linux/parport.h: No such file or directory
 #include <linux/parport.h>
                           ^
compilation terminated.
C:/msys32/mingw32/bin/../lib/gcc/i686-w64-mingw32/6.3.0/../../../../i686-w64-mingw32/bin/ld.exe: cannot find -lc
collect2.exe: error: ld returned 1 exit status
C:/msys32/mingw32/bin/../lib/gcc/i686-w64-mingw32/6.3.0/../../../../i686-w64-mingw32/bin/ld.exe: cannot find -lc
collect2.exe: error: ld returned 1 exit status
C:/msys32/mingw32/bin/../lib/gcc/i686-w64-mingw32/6.3.0/../../../../i686-w64-mingw32/bin/ld.exe: cannot find -lvulkan
collect2.exe: error: ld returned 1 exit status
